[p.w3layouts.com/demos_new/template_demo/03-04-2019/startup-demo_Free/491878990/web/index.html]
[backblue.gif]
[fade.gif]
[index.html]
[p.w3layouts.com/demos_new/template_demo/03-04-2019/startup-demo_Free/491878990/web/css/bootstrap.css]
[p.w3layouts.com/demos_new/template_demo/03-04-2019/startup-demo_Free/491878990/web/css/style.css]
[p.w3layouts.com/demos_new/template_demo/03-04-2019/startup-demo_Free/491878990/web/css/font-awesome.min.css]
[m.servedby-buysellads.com/monetization.js]
[p.w3layouts.com/js/autotrack.js]
[p.w3layouts.com/assests/css/font-awesome.min.css]
[p.w3layouts.com/demos_new/template_demo/03-04-2019/startup-demo_Free/491878990/web/about.html]
[p.w3layouts.com/demos_new/template_demo/03-04-2019/startup-demo_Free/491878990/web/pricing.html]
[p.w3layouts.com/demos_new/template_demo/03-04-2019/startup-demo_Free/491878990/web/faq.html]
[p.w3layouts.com/demos_new/template_demo/03-04-2019/startup-demo_Free/491878990/web/404.html]
[p.w3layouts.com/demos_new/template_demo/03-04-2019/startup-demo_Free/491878990/web/contact.html]
[p.w3layouts.com/demos_new/template_demo/03-04-2019/startup-demo_Free/491878990/web/images/banner.png]
[p.w3layouts.com/demos_new/template_demo/03-04-2019/startup-demo_Free/491878990/web/images/shape1.png]
[p.w3layouts.com/demos_new/template_demo/03-04-2019/startup-demo_Free/491878990/web/images/shape2.png]
[p.w3layouts.com/demos_new/template_demo/03-04-2019/startup-demo_Free/491878990/web/images/shape3.png]
[p.w3layouts.com/demos_new/template_demo/03-04-2019/startup-demo_Free/491878990/web/images/shape5.png]
[p.w3layouts.com/demos_new/template_demo/03-04-2019/startup-demo_Free/491878990/web/images/shape4.png]
[p.w3layouts.com/demos_new/template_demo/03-04-2019/startup-demo_Free/491878990/web/images/shape6.png]
[p.w3layouts.com/demos_new/template_demo/03-04-2019/startup-demo_Free/491878990/web/images/img1.png]
[p.w3layouts.com/demos_new/template_demo/03-04-2019/startup-demo_Free/491878990/web/images/img2.png]
[p.w3layouts.com/demos_new/template_demo/03-04-2019/startup-demo_Free/491878990/web/images/img3.png]
[p.w3layouts.com/demos_new/template_demo/03-04-2019/startup-demo_Free/491878990/web/images/b1.png]
[p.w3layouts.com/demos_new/template_demo/03-04-2019/startup-demo_Free/491878990/web/images/b2.png]
[p.w3layouts.com/demos_new/template_demo/03-04-2019/startup-demo_Free/491878990/web/index.html]
[a.vdo.ai/core/v-w3layouts/vdo.ai.js]
[fonts.googleapis.com/cssd36c.css]
[p.w3layouts.com/demos_new/template_demo/03-04-2019/startup-demo_Free/491878990/web/images/about.png]
[p.w3layouts.com/demos_new/template_demo/03-04-2019/startup-demo_Free/491878990/web/images/t1.jpg]
[p.w3layouts.com/demos_new/template_demo/03-04-2019/startup-demo_Free/491878990/web/images/t2.jpg]
[p.w3layouts.com/demos_new/template_demo/03-04-2019/startup-demo_Free/491878990/web/images/t3.jpg]
[p.w3layouts.com/demos_new/template_demo/03-04-2019/startup-demo_Free/491878990/web/about.html]
[p.w3layouts.com/demos_new/template_demo/03-04-2019/startup-demo_Free/491878990/web/pricing.html]
[p.w3layouts.com/demos_new/template_demo/03-04-2019/startup-demo_Free/491878990/web/images/faq.png]
[p.w3layouts.com/demos_new/template_demo/03-04-2019/startup-demo_Free/491878990/web/faq.html]
[p.w3layouts.com/demos_new/template_demo/03-04-2019/startup-demo_Free/491878990/web/images/error.png]
[p.w3layouts.com/demos_new/template_demo/03-04-2019/startup-demo_Free/491878990/web/404.html]
[p.w3layouts.com/demos_new/template_demo/03-04-2019/startup-demo_Free/491878990/web/contact.html]
[p.w3layouts.com/demos_new/template_demo/03-04-2019/startup-demo_Free/491878990/web/css/bootstrap.css]
[m.servedby-buysellads.com/monetization.js]
[p.w3layouts.com/demos_new/template_demo/03-04-2019/startup-demo_Free/491878990/web/images/inner.jpg]
[p.w3layouts.com/js/autotrack.js]
[p.w3layouts.com/demos_new/template_demo/03-04-2019/startup-demo_Free/491878990/web/css/style.css]
[p.w3layouts.com/demos_new/template_demo/03-04-2019/startup-demo_Free/491878990/web/images/inner.png]
[p.w3layouts.com/demos_new/template_demo/03-04-2019/startup-demo_Free/491878990/web/images/img1.png]
[p.w3layouts.com/demos_new/template_demo/03-04-2019/startup-demo_Free/491878990/web/images/b1.png]
[p.w3layouts.com/demos_new/template_demo/03-04-2019/startup-demo_Free/491878990/web/images/banner.png]
[p.w3layouts.com/demos_new/template_demo/03-04-2019/startup-demo_Free/491878990/web/images/b2.png]
[p.w3layouts.com/demos_new/template_demo/03-04-2019/startup-demo_Free/491878990/web/images/about.png]
[p.w3layouts.com/demos_new/template_demo/03-04-2019/startup-demo_Free/491878990/web/images/t1.jpg]
[p.w3layouts.com/demos_new/template_demo/03-04-2019/startup-demo_Free/491878990/web/fonts/fontawesome-webfont3e6e.eot]
[p.w3layouts.com/demos_new/template_demo/03-04-2019/startup-demo_Free/491878990/web/images/t3.jpg]
[p.w3layouts.com/demos_new/template_demo/03-04-2019/startup-demo_Free/491878990/web/images/faq.png]
[p.w3layouts.com/demos_new/template_demo/03-04-2019/startup-demo_Free/491878990/web/images/error.png]
[p.w3layouts.com/demos_new/template_demo/03-04-2019/startup-demo_Free/491878990/web/fonts/fontawesome-webfont3e6e.eot]
[p.w3layouts.com/demos_new/template_demo/03-04-2019/startup-demo_Free/491878990/web/fonts/fontawesome-webfontd41d.eot]
[p.w3layouts.com/demos_new/template_demo/03-04-2019/startup-demo_Free/491878990/web/images/inner.png]
[p.w3layouts.com/demos_new/template_demo/03-04-2019/startup-demo_Free/491878990/web/images/inner.jpg]
[p.w3layouts.com/demos_new/template_demo/03-04-2019/startup-demo_Free/491878990/web/fonts/fontawesome-webfont3e6e.woff2]
[p.w3layouts.com/demos_new/template_demo/03-04-2019/startup-demo_Free/491878990/web/fonts/fontawesome-webfont3e6e.woff]
[p.w3layouts.com/demos_new/template_demo/03-04-2019/startup-demo_Free/491878990/web/fonts/fontawesome-webfont3e6e.ttf]
[p.w3layouts.com/demos_new/template_demo/03-04-2019/startup-demo_Free/491878990/web/fonts/fontawesome-webfontd41d.eot]
[p.w3layouts.com/demos_new/template_demo/03-04-2019/startup-demo_Free/491878990/web/css/font-awesome.min.css]
[p.w3layouts.com/assests/css/font-awesome.min.css]
[p.w3layouts.com/assests/fonts/fontawesome-webfont3e6e.svg]
[p.w3layouts.com/demos_new/template_demo/03-04-2019/startup-demo_Free/491878990/web/fonts/fontawesome-webfont3e6e.svg]
[p.w3layouts.com/demos_new/template_demo/03-04-2019/startup-demo_Free/491878990/web/fonts/fontawesome-webfont3e6e.svg]
[p.w3layouts.com/assests/fonts/fontawesome-webfont3e6e.svg]
